
> news-app@0.0.1 build
> vite build

vite v7.3.1 building ssr environment for production...
transforming...
✓ 3816 modules transformed.
rendering chunks...
vite v7.3.1 building client environment for production...
transforming...
✓ 4582 modules transformed.
rendering chunks...
computing gzip size...
.svelte-kit/output/client/_app/version.json                                0.03 kB │ gzip:  0.05 kB
.svelte-kit/output/client/.vite/manifest.json                              4.43 kB │ gzip:  0.76 kB
.svelte-kit/output/client/_app/immutable/assets/ThemeToggle.CiJsjC9o.css   0.58 kB │ gzip:  0.20 kB
.svelte-kit/output/client/_app/immutable/assets/0.CtDnC8mG.css            56.54 kB │ gzip:  7.89 kB
.svelte-kit/output/client/_app/immutable/entry/start.B_1Np4gN.js           0.08 kB │ gzip:  0.09 kB
.svelte-kit/output/client/_app/immutable/chunks/BpqgAith.js                0.37 kB │ gzip:  0.27 kB
.svelte-kit/output/client/_app/immutable/chunks/Dq9urbvg.js                0.53 kB │ gzip:  0.33 kB
.svelte-kit/output/client/_app/immutable/nodes/1.z86rdrPS.js               1.39 kB │ gzip:  0.86 kB
.svelte-kit/output/client/_app/immutable/chunks/4vLfKQ6T.js                1.49 kB │ gzip:  0.66 kB
.svelte-kit/output/client/_app/immutable/chunks/ppJtckRW.js                2.96 kB │ gzip:  1.36 kB
.svelte-kit/output/client/_app/immutable/nodes/0.B1nMoMcm.js               3.51 kB │ gzip:  1.60 kB
.svelte-kit/output/client/_app/immutable/chunks/CAYTt3bY.js                3.87 kB │ gzip:  1.89 kB
.svelte-kit/output/client/_app/immutable/chunks/DFlHdFjX.js                4.88 kB │ gzip:  2.16 kB
.svelte-kit/output/client/_app/immutable/entry/app.Bw2w_5mH.js             5.92 kB │ gzip:  2.74 kB
.svelte-kit/output/client/_app/immutable/chunks/iEgdTphG.js                6.63 kB │ gzip:  3.10 kB
.svelte-kit/output/client/_app/immutable/nodes/3.CsXTYXUo.js               7.99 kB │ gzip:  3.26 kB
.svelte-kit/output/client/_app/immutable/nodes/2.CBFqvUOm.js              10.55 kB │ gzip:  4.47 kB
.svelte-kit/output/client/_app/immutable/chunks/2c1znZag.js               23.34 kB │ gzip:  9.20 kB
.svelte-kit/output/client/_app/immutable/chunks/BroiXeLV.js               31.09 kB │ gzip: 12.18 kB
.svelte-kit/output/client/_app/immutable/chunks/Bw-OdZG7.js               35.35 kB │ gzip: 11.80 kB
✓ built in 3.16s
vite v7.3.1 building client environment for production...
transforming...
✓ 2 modules transformed.
rendering chunks...
computing gzip size...
.svelte-kit/output/client/service-worker.mjs  1.60 kB │ gzip: 0.70 kB
✓ built in 6ms
.svelte-kit/output/server/.vite/manifest.json                               5.86 kB
.svelte-kit/output/server/_app/immutable/assets/ThemeToggle.CiJsjC9o.css    0.58 kB
.svelte-kit/output/server/_app/immutable/assets/_layout.Ct4mBLgV.css       56.00 kB
.svelte-kit/output/server/chunks/shared-server.js                           0.28 kB
.svelte-kit/output/server/chunks/equality.js                                0.33 kB
.svelte-kit/output/server/internal.js                                       0.39 kB
.svelte-kit/output/server/entries/endpoints/robots.txt/_server.ts.js        0.43 kB
.svelte-kit/output/server/chunks/environment.js                             0.65 kB
.svelte-kit/output/server/entries/pages/news/_id_/_page.server.ts.js        1.05 kB
.svelte-kit/output/server/entries/pages/_page.server.ts.js                  1.10 kB
.svelte-kit/output/server/chunks/utils.js                                   1.15 kB
.svelte-kit/output/server/entries/endpoints/api/health/_server.ts.js        1.16 kB
.svelte-kit/output/server/entries/hooks.server.js                           1.80 kB
.svelte-kit/output/server/entries/endpoints/sitemap.xml/_server.ts.js       1.80 kB
.svelte-kit/output/server/entries/pages/_error.svelte.js                    2.19 kB
.svelte-kit/output/server/entries/pages/_layout.svelte.js                   3.27 kB
.svelte-kit/output/server/chunks/index2.js                                  3.94 kB
.svelte-kit/output/server/chunks/news-repository.js                         4.71 kB
.svelte-kit/output/server/chunks/news-service.js                            4.81 kB
.svelte-kit/output/server/chunks/news-utils.js                              6.29 kB
.svelte-kit/output/server/chunks/ThemeToggle.js                             6.83 kB
.svelte-kit/output/server/chunks/exports.js                                 7.03 kB
.svelte-kit/output/server/entries/pages/news/_id_/_page.svelte.js          11.23 kB
.svelte-kit/output/server/entries/pages/_page.svelte.js                    12.67 kB
.svelte-kit/output/server/remote-entry.js                                  18.96 kB
.svelte-kit/output/server/entries/endpoints/api/cron/fetch/_server.ts.js   21.39 kB
.svelte-kit/output/server/chunks/shared.js                                 25.96 kB
.svelte-kit/output/server/chunks/index.js                                  34.79 kB
.svelte-kit/output/server/chunks/internal.js                               78.82 kB
.svelte-kit/output/server/index.js                                        123.03 kB
✓ built in 7.04s

Run npm run preview to preview your production build locally.

> Using @sveltejs/adapter-node
  ✔ done
